#
# There is insufficient memory for the Java Runtime Environment to continue.
# Native memory allocation (mmap) failed to map 123731968 bytes for G1 virtual space
# Possible reasons:
#   The system is out of physical RAM or swap space
#   The process is running with CompressedOops enabled, and the Java Heap may be blocking the growth of the native heap
# Possible solutions:
#   Reduce memory load on the system
#   Increase physical memory or swap space
#   Check if swap backing store is full
#   Decrease Java heap size (-Xmx/-Xms)
#   Decrease number of Java threads
#   Decrease Java thread stack sizes (-Xss)
#   Set larger code cache with -XX:ReservedCodeCacheSize=
#   JVM is running with Unscaled Compressed Oops mode in which the Java heap is
#     placed in the first 4GB address space. The Java Heap base address is the
#     maximum limit for the native heap growth. Please use -XX:HeapBaseMinAddress
#     to set the Java Heap base and to place the Java Heap above 4GB virtual address.
# This output file may be truncated or incomplete.
#
#  Out of Memory Error (os_windows.cpp:3536), pid=22668, tid=15072
#
# JRE version:  (19.0.2+7) (build )
# Java VM: Java HotSpot(TM) 64-Bit Server VM (19.0.2+7-44, mixed mode, sharing, tiered, compressed oops, compressed class ptrs, g1 gc, windows-amd64)
# No core dump will be written. Minidumps are not enabled by default on client versions of Windows
#

---------------  S U M M A R Y ------------

Command Line: -Dfile.encoding=UTF-8 -XX:+ShowCodeDetailsInExceptionMessages Signupone

Host: AMD Ryzen 5 5500U with Radeon Graphics         , 12 cores, 7G,  Windows 11 , 64 bit Build 22621 (10.0.22621.3235)
Time: Sat Mar 16 15:00:36 2024 India Standard Time elapsed time: 0.024334 seconds (0d 0h 0m 0s)

---------------  T H R E A D  ---------------

Current thread (0x00000199966edbb0):  JavaThread "Unknown thread" [_thread_in_vm, id=15072, stack(0x0000009877700000,0x0000009877800000)]

Stack: [0x0000009877700000,0x0000009877800000]
Native frames: (J=compiled Java code, j=interpreted, Vv=VM code, C=native code)
V  [jvm.dll+0x6ee21a]
V  [jvm.dll+0x85765e]
V  [jvm.dll+0x85904e]
V  [jvm.dll+0x859703]
V  [jvm.dll+0x28298f]
V  [jvm.dll+0x6eb009]
V  [jvm.dll+0x6dfbaa]
V  [jvm.dll+0x3573f6]
V  [jvm.dll+0x35ee56]
V  [jvm.dll+0x3b541e]
V  [jvm.dll+0x3b564f]
V  [jvm.dll+0x32c9ea]
V  [jvm.dll+0x32d89e]
V  [jvm.dll+0x821780]
V  [jvm.dll+0x3c2661]
V  [jvm.dll+0x801f51]
V  [jvm.dll+0x44ae8f]
V  [jvm.dll+0x44c811]
C  [jli.dll+0x5287]
C  [ucrtbase.dll+0x29363]
C  [KERNEL32.DLL+0x1257d]
C  [ntdll.dll+0x5aa58]


---------------  P R O C E S S  ---------------

Threads class SMR info:
_java_thread_list=0x00007ffb685bd048, length=0, elements={
}

Java Threads: ( => current thread )

Other Threads:
  0x000001999674c0f0 WorkerThread "GC Thread#0" [stack: 0x0000009877800000,0x0000009877900000] [id=23684]
  0x000001999675bb10 ConcurrentGCThread "G1 Main Marker" [stack: 0x0000009877900000,0x0000009877a00000] [id=24292]
  0x000001999675c5e0 WorkerThread "G1 Conc#0" [stack: 0x0000009877a00000,0x0000009877b00000] [id=22536]

[error occurred during error reporting (printing all threads), id 0xc0000005, EXCEPTION_ACCESS_VIOLATION (0xc0000005) at pc=0x00007ffb67d7d427]

VM state: not at safepoint (not fully initialized)

VM Mutex/Monitor currently owned by a thread:  ([mutex/lock_event])
[0x00000199966e8970] Heap_lock - owner thread: 0x00000199966edbb0

Heap address: 0x000000008a200000, size: 1886 MB, Compressed Oops mode: 32-bit

CDS archive(s) mapped at: [0x0000000000000000-0x0000000000000000-0x0000000000000000), size 0, SharedBaseAddress: 0x0000000800000000, ArchiveRelocationMode: 0.
Narrow klass base: 0x0000000000000000, Narrow klass shift: 0, Narrow klass range: 0x0

GC Precious Log:
 CardTable entry size: 512
 Card Set container configuration: InlinePtr #cards 5 size 8 Array Of Cards #cards 12 size 40 Howl #buckets 4 coarsen threshold 1843 Howl Bitmap #cards 512 size 80 coarsen threshold 460 Card regions per heap region 1 cards per card region 2048

Heap:
 garbage-first heap   total 0K, used 0K [0x000000008a200000, 0x0000000100000000)
  region size 1024K, 0 young (0K), 0 survivors (0K)

[error occurred during error reporting (printing heap information), id 0xc0000005, EXCEPTION_ACCESS_VIOLATION (0xc0000005) at pc=0x00007ffb68186649]

GC Heap History (0 events):
No events

Dll operation events (1 events):
Event: 0.016 Loaded shared library C:\Program Files\Java\jdk-19\bin\java.dll

Deoptimization events (0 events):
No events

Classes loaded (0 events):
No events

Classes unloaded (0 events):
No events

Classes redefined (0 events):
No events

Internal exceptions (0 events):
No events

VM Operations (0 events):
No events

Events (0 events):
No events


Dynamic libraries:
0x00007ff62a430000 - 0x00007ff62a440000 	C:\Program Files\Java\jdk-19\bin\javaw.exe
0x00007ffbb6430000 - 0x00007ffbb6646000 	C:\WINDOWS\SYSTEM32\ntdll.dll
0x00007ffbb58f0000 - 0x00007ffbb59b4000 	C:\WINDOWS\System32\KERNEL32.DLL
0x00007ffbb37f0000 - 0x00007ffbb3b96000 	C:\WINDOWS\System32\KERNELBASE.dll
0x00007ffbb3e80000 - 0x00007ffbb3f91000 	C:\WINDOWS\System32\ucrtbase.dll
0x00007ffbac150000 - 0x00007ffbac16b000 	C:\Program Files\Java\jdk-19\bin\VCRUNTIME140.dll
0x00007ffbab3e0000 - 0x00007ffbab3f8000 	C:\Program Files\Java\jdk-19\bin\jli.dll
0x00007ffbb4ff0000 - 0x00007ffbb50a2000 	C:\WINDOWS\System32\ADVAPI32.dll
0x00007ffbb4e20000 - 0x00007ffbb4ec7000 	C:\WINDOWS\System32\msvcrt.dll
0x00007ffbb56e0000 - 0x00007ffbb5788000 	C:\WINDOWS\System32\sechost.dll
0x00007ffbb3e20000 - 0x00007ffbb3e48000 	C:\WINDOWS\System32\bcrypt.dll
0x00007ffbb4ed0000 - 0x00007ffbb4fe5000 	C:\WINDOWS\System32\RPCRT4.dll
0x00007ffbb61d0000 - 0x00007ffbb637d000 	C:\WINDOWS\System32\USER32.dll
0x00007ffbb3e50000 - 0x00007ffbb3e76000 	C:\WINDOWS\System32\win32u.dll
0x00007ffbb63b0000 - 0x00007ffbb63d9000 	C:\WINDOWS\System32\GDI32.dll
0x00007ffbb4060000 - 0x00007ffbb4178000 	C:\WINDOWS\System32\gdi32full.dll
0x00007ffbb3d80000 - 0x00007ffbb3e1a000 	C:\WINDOWS\System32\msvcp_win.dll
0x00007ffb8ca90000 - 0x00007ffb8cd23000 	C:\WINDOWS\WinSxS\amd64_microsoft.windows.common-controls_6595b64144ccf1df_6.0.22621.3235_none_270f74e173860f98\COMCTL32.dll
0x00007ffbab1a0000 - 0x00007ffbab1aa000 	C:\WINDOWS\SYSTEM32\VERSION.dll
0x00007ffbb4380000 - 0x00007ffbb43b1000 	C:\WINDOWS\System32\IMM32.DLL
0x00007ffbacaf0000 - 0x00007ffbacafc000 	C:\Program Files\Java\jdk-19\bin\vcruntime140_1.dll
0x00007ffb71810000 - 0x00007ffb7189e000 	C:\Program Files\Java\jdk-19\bin\msvcp140.dll
0x00007ffb67a40000 - 0x00007ffb68700000 	C:\Program Files\Java\jdk-19\bin\server\jvm.dll
0x00007ffbab1b0000 - 0x00007ffbab1e4000 	C:\WINDOWS\SYSTEM32\WINMM.dll
0x00007ffb9b1e0000 - 0x00007ffb9b1e9000 	C:\WINDOWS\SYSTEM32\WSOCK32.dll
0x00007ffbb43c0000 - 0x00007ffbb4431000 	C:\WINDOWS\System32\WS2_32.dll
0x00007ffbb27b0000 - 0x00007ffbb27c8000 	C:\WINDOWS\SYSTEM32\kernel.appcore.dll
0x00007ffbac990000 - 0x00007ffbac99a000 	C:\Program Files\Java\jdk-19\bin\jimage.dll
0x00007ffba8680000 - 0x00007ffba88b3000 	C:\WINDOWS\SYSTEM32\DBGHELP.DLL
0x00007ffbb59c0000 - 0x00007ffbb5d48000 	C:\WINDOWS\System32\combase.dll
0x00007ffbb5600000 - 0x00007ffbb56d7000 	C:\WINDOWS\System32\OLEAUT32.dll
0x00007ffba75e0000 - 0x00007ffba7612000 	C:\WINDOWS\SYSTEM32\dbgcore.DLL
0x00007ffbb3770000 - 0x00007ffbb37ea000 	C:\WINDOWS\System32\bcryptPrimitives.dll
0x00007ffb808c0000 - 0x00007ffb808e6000 	C:\Program Files\Java\jdk-19\bin\java.dll

dbghelp: loaded successfully - version: 4.0.5 - missing functions: none
symbol engine: initialized successfully - sym options: 0x614 - pdb path: .;C:\Program Files\Java\jdk-19\bin;C:\WINDOWS\SYSTEM32;C:\WINDOWS\WinSxS\amd64_microsoft.windows.common-controls_6595b64144ccf1df_6.0.22621.3235_none_270f74e173860f98;C:\Program Files\Java\jdk-19\bin\server

VM Arguments:
jvm_args: -Dfile.encoding=UTF-8 -XX:+ShowCodeDetailsInExceptionMessages 
java_command: Signupone
java_class_path (initial): C:\Users\Nishant\A1auto\Banking Managment\bin
Launcher Type: SUN_STANDARD

[Global flags]
     intx CICompilerCount                          = 4                                         {product} {ergonomic}
     uint ConcGCThreads                            = 3                                         {product} {ergonomic}
     uint G1ConcRefinementThreads                  = 10                                        {product} {ergonomic}
   size_t G1HeapRegionSize                         = 1048576                                   {product} {ergonomic}
    uintx GCDrainStackTargetSize                   = 64                                        {product} {ergonomic}
   size_t InitialHeapSize                          = 123731968                                 {product} {ergonomic}
   size_t MarkStackSize                            = 4194304                                   {product} {ergonomic}
   size_t MaxHeapSize                              = 1977614336                                {product} {ergonomic}
   size_t MinHeapDeltaBytes                        = 1048576                                   {product} {ergonomic}
   size_t MinHeapSize                              = 8388608                                   {product} {ergonomic}
    uintx NonNMethodCodeHeapSize                   = 5839372                                {pd product} {ergonomic}
    uintx NonProfiledCodeHeapSize                  = 122909434                              {pd product} {ergonomic}
    uintx ProfiledCodeHeapSize                     = 122909434                              {pd product} {ergonomic}
    uintx ReservedCodeCacheSize                    = 251658240                              {pd product} {ergonomic}
     bool SegmentedCodeCache                       = true                                      {product} {ergonomic}
     bool ShowCodeDetailsInExceptionMessages       = true                                   {manageable} {command line}
   size_t SoftMaxHeapSize                          = 1977614336                             {manageable} {ergonomic}
     bool UseCompressedClassPointers               = true                           {product lp64_product} {ergonomic}
     bool UseCompressedOops                        = true                           {product lp64_product} {ergonomic}
     bool UseG1GC                                  = true                                      {product} {ergonomic}
     bool UseLargePagesIndividualAllocation        = false                                  {pd product} {ergonomic}

Logging:
Log output configuration:
 #0: stdout all=warning uptime,level,tags foldmultilines=false
 #1: stderr all=off uptime,level,tags foldmultilines=false

Environment Variables:
JAVA_HOME=C:\Program Files\Java\jdk-17
PATH=C:/Program Files/jdk-17.0.8/bin/server;C:/Program Files/jdk-17.0.8/bin;C:\SQL\WINDOWS.X64_213000_db_home\bin;C:\Python311\Scripts\;C:\Python311\;C:\Program Files\jdk-17.0.8\bin;C:\Program Files\Python38\Scripts\;C:\Program Files\Python38\;C:\Program Files\Common Files\Oracle\Java\javapath;C:\oracle\product\10.2.0\db_1\bin;C:\WINDOWS\system32;C:\WINDOWS;C:\WINDOWS\System32\Wbem;C:\WINDOWS\System32\WindowsPowerShell\v1.0\;C:\WINDOWS\System32\OpenSSH\;C:\ProgramData\chocolatey\bin;C:\Program Files\dotnet\;C:\Program Files\apache-maven-3.9.4\bin;C:\Program Files\Git\cmd;C:\Program Files\MySQL\MySQL Shell 8.0\bin\;C:\Users\Nishant\AppData\Local\Microsoft\WindowsApps;C:\Program Files\Azure Data Studio\bin;C:\Program Files\JetBrains\PyCharm Edu 2022.2.2\bin;;C:\Users\Nishant\AppData\Local\Programs\Microsoft VS Code\bin;C:\Program Files\MySQL\MySQL Server 8.0\bin;;C:\Users\Nishant\OneDrive\Desktop;
USERNAME=Nishant
OS=Windows_NT
PROCESSOR_IDENTIFIER=AMD64 Family 23 Model 104 Stepping 1, AuthenticAMD
TMP=C:\Users\Nishant\AppData\Local\Temp
TEMP=C:\Users\Nishant\AppData\Local\Temp



---------------  S Y S T E M  ---------------

OS:
 Windows 11 , 64 bit Build 22621 (10.0.22621.3235)
OS uptime: 0 days 4:14 hours
Hyper-V role detected

CPU: total 12 (initial active 12) (12 cores per cpu, 2 threads per core) family 23 model 104 stepping 1 microcode 0x0, cx8, cmov, fxsr, ht, mmx, 3dnowpref, sse, sse2, sse3, ssse3, sse4a, sse4.1, sse4.2, popcnt, lzcnt, tsc, tscinvbit, avx, avx2, aes, clmul, bmi1, bmi2, adx, sha, fma, vzeroupper, clflush, clflushopt, hv, rdtscp, rdpid

Memory: 4k page, system-wide physical 7541M (319M free)
TotalPageFile size 31093M (AvailPageFile size 31M)
current process WorkingSet (physical memory assigned to process): 11M, peak: 11M
current process commit charge ("private bytes"): 64M, peak: 182M

vm_info: Java HotSpot(TM) 64-Bit Server VM (19.0.2+7-44) for windows-amd64 JRE (19.0.2+7-44), built on 2022-11-30T18:02:09Z by "mach5one" with MS VC++ 17.1 (VS2022)

END.
